<?xml version="1.0" encoding="UTF-8"?>
<!-- Generated by org.testng.reporters.JUnitXMLReporter -->
<testsuite ignored="0" hostname="Heenas-MacBook-Air.local" failures="0" tests="6" name="Test" time="0.075" errors="0" timestamp="2022-01-07T12:50:46 EST">
  <testcase classname="qaclickacademy.Seleniumtest" name="BrowserAutomation" time="0.008"/>
  <testcase classname="qaclickacademy.Seleniumtest" name="ElementUI" time="0.001"/>
  <testcase classname="qaclickacademy.Appiumtest" name="IosAPP" time="0.001"/>
  <testcase classname="qaclickacademy.Appiumtest" name="NativeAPPAndroid" time="0.003"/>
  <testcase classname="qaclickacademy.RestAPI" name="deleteTwitter" time="0.001"/>
  <testcase classname="qaclickacademy.RestAPI" name="postJira" time="0.002"/>
</testsuite> <!-- Test -->
