<?xml version="1.0" encoding="UTF-8"?>
<!-- Generated by org.testng.reporters.JUnitXMLReporter -->
<testsuite ignored="0" hostname="Heenas-MacBook-Air.local" failures="0" tests="4" name="Test" time="0.075" errors="0" timestamp="2022-01-08T12:08:07 EST">
  <testcase classname="qaclickacademy.Seleniumtest" name="BrowserAutomation" time="0.003"/>
  <testcase classname="qaclickacademy.Seleniumtest" name="ElementUI" time="0.001"/>
  <testcase classname="qaclickacademy.RestAPI" name="deleteTwitter" time="0.0"/>
  <testcase classname="qaclickacademy.RestAPI" name="postJira" time="0.0"/>
</testsuite> <!-- Test -->
