<?xml version="1.0" encoding="UTF-8"?>
<testng-results ignored="0" total="4" passed="4" failed="0" skipped="0">
  <reporter-output>
  </reporter-output>
  <suite started-at="2022-01-08T12:08:07 EST" name="Suite" finished-at="2022-01-08T12:08:07 EST" duration-ms="75">
    <groups>
    </groups>
    <test started-at="2022-01-08T12:08:07 EST" name="Test" finished-at="2022-01-08T12:08:07 EST" duration-ms="75">
      <class name="qaclickacademy.Seleniumtest">
        <test-method signature="BrowserAutomation()[pri:0, instance:qaclickacademy.Seleniumtest@61d6015a]" started-at="2022-01-08T12:08:07 EST" name="BrowserAutomation" finished-at="2022-01-08T12:08:07 EST" duration-ms="3" status="PASS">
          <reporter-output>
          </reporter-output>
        </test-method> <!-- BrowserAutomation -->
        <test-method signature="ElementUI()[pri:0, instance:qaclickacademy.Seleniumtest@61d6015a]" started-at="2022-01-08T12:08:07 EST" name="ElementUI" finished-at="2022-01-08T12:08:07 EST" duration-ms="1" status="PASS">
          <reporter-output>
          </reporter-output>
        </test-method> <!-- ElementUI -->
      </class> <!-- qaclickacademy.Seleniumtest -->
      <class name="qaclickacademy.RestAPI">
        <test-method signature="deleteTwitter()[pri:0, instance:qaclickacademy.RestAPI@2abf4075]" started-at="2022-01-08T12:08:07 EST" name="deleteTwitter" finished-at="2022-01-08T12:08:07 EST" duration-ms="0" status="PASS">
          <reporter-output>
          </reporter-output>
        </test-method> <!-- deleteTwitter -->
        <test-method signature="postJira()[pri:0, instance:qaclickacademy.RestAPI@2abf4075]" started-at="2022-01-08T12:08:07 EST" name="postJira" finished-at="2022-01-08T12:08:07 EST" duration-ms="0" status="PASS">
          <reporter-output>
          </reporter-output>
        </test-method> <!-- postJira -->
      </class> <!-- qaclickacademy.RestAPI -->
    </test> <!-- Test -->
  </suite> <!-- Suite -->
</testng-results>
