<?xml version="1.0" encoding="UTF-8"?>
<testng-results ignored="0" total="6" passed="6" failed="0" skipped="0">
  <reporter-output>
  </reporter-output>
  <suite started-at="2022-01-07T12:50:46 EST" name="Suite" finished-at="2022-01-07T12:50:46 EST" duration-ms="75">
    <groups>
    </groups>
    <test started-at="2022-01-07T12:50:46 EST" name="Test" finished-at="2022-01-07T12:50:46 EST" duration-ms="75">
      <class name="qaclickacademy.Appiumtest">
        <test-method signature="IosAPP()[pri:0, instance:qaclickacademy.Appiumtest@25fb8912]" started-at="2022-01-07T12:50:46 EST" name="IosAPP" finished-at="2022-01-07T12:50:46 EST" duration-ms="1" status="PASS">
          <reporter-output>
          </reporter-output>
        </test-method> <!-- IosAPP -->
        <test-method signature="NativeAPPAndroid()[pri:0, instance:qaclickacademy.Appiumtest@25fb8912]" started-at="2022-01-07T12:50:46 EST" name="NativeAPPAndroid" finished-at="2022-01-07T12:50:46 EST" duration-ms="3" status="PASS">
          <reporter-output>
          </reporter-output>
        </test-method> <!-- NativeAPPAndroid -->
      </class> <!-- qaclickacademy.Appiumtest -->
      <class name="qaclickacademy.Seleniumtest">
        <test-method signature="BrowserAutomation()[pri:0, instance:qaclickacademy.Seleniumtest@6da21078]" started-at="2022-01-07T12:50:46 EST" name="BrowserAutomation" finished-at="2022-01-07T12:50:46 EST" duration-ms="8" status="PASS">
          <reporter-output>
          </reporter-output>
        </test-method> <!-- BrowserAutomation -->
        <test-method signature="ElementUI()[pri:0, instance:qaclickacademy.Seleniumtest@6da21078]" started-at="2022-01-07T12:50:46 EST" name="ElementUI" finished-at="2022-01-07T12:50:46 EST" duration-ms="1" status="PASS">
          <reporter-output>
          </reporter-output>
        </test-method> <!-- ElementUI -->
      </class> <!-- qaclickacademy.Seleniumtest -->
      <class name="qaclickacademy.RestAPI">
        <test-method signature="deleteTwitter()[pri:0, instance:qaclickacademy.RestAPI@7c24b813]" started-at="2022-01-07T12:50:46 EST" name="deleteTwitter" finished-at="2022-01-07T12:50:46 EST" duration-ms="1" status="PASS">
          <reporter-output>
          </reporter-output>
        </test-method> <!-- deleteTwitter -->
        <test-method signature="postJira()[pri:0, instance:qaclickacademy.RestAPI@7c24b813]" started-at="2022-01-07T12:50:46 EST" name="postJira" finished-at="2022-01-07T12:50:46 EST" duration-ms="2" status="PASS">
          <reporter-output>
          </reporter-output>
        </test-method> <!-- postJira -->
      </class> <!-- qaclickacademy.RestAPI -->
    </test> <!-- Test -->
  </suite> <!-- Suite -->
</testng-results>
